Thu Nov 30 18:11:04 2017 | PROCESS PID: 1148 --> FATHER first pipe:  Success
Thu Nov 30 18:11:04 2017 | PROCESS PID: 1148 --> FATHER second pipe:  Success
Thu Nov 30 18:11:04 2017 | PROCESS PID: 1148 --> FATHER first fork:  Success
Thu Nov 30 18:11:04 2017 | PROCESS PID: 1148 --> FATHER second fork:  Success
Thu Nov 30 18:11:04 2017 | PROCESS PID: 1150 --> CHILD2 close first pipe write-side:  Success
Thu Nov 30 18:11:05 2017 | PROCESS PID: 1149 --> CHILD1 i-th scanf:  Success
Thu Nov 30 18:11:05 2017 | PROCESS PID: 1149 --> CHILD1 i-th scanf:  Success
Thu Nov 30 18:11:06 2017 | PROCESS PID: 1149 --> CHILD1 i-th scanf:  Success
Thu Nov 30 18:11:06 2017 | PROCESS PID: 1149 --> CHILD1 i-th scanf:  Success
Thu Nov 30 18:11:06 2017 | PROCESS PID: 1149 --> CHILD1 i-th scanf:  Success
Thu Nov 30 18:11:07 2017 | PROCESS PID: 1149 --> CHILD1 i-th scanf:  Success
Thu Nov 30 18:11:07 2017 | PROCESS PID: 1149 --> CHILD1 i-th scanf:  Success
Thu Nov 30 18:11:08 2017 | PROCESS PID: 1149 --> CHILD1 i-th scanf:  Success
Thu Nov 30 18:11:08 2017 | PROCESS PID: 1149 --> CHILD1 i-th scanf:  Success
Thu Nov 30 18:11:09 2017 | PROCESS PID: 1149 --> CHILD1 i-th scanf:  Success
Thu Nov 30 18:11:09 2017 | PROCESS PID: 1149 --> CHILD1 close first pipe read-side:  Success
Thu Nov 30 18:11:09 2017 | PROCESS PID: 1149 --> CHILD1 write into first pipe:  Success
Thu Nov 30 18:11:09 2017 | PROCESS PID: 1150 --> CHILD2 i-th read:  Success
Thu Nov 30 18:11:09 2017 | PROCESS PID: 1149 --> CHILD1 close first pipe write-side:  Success
Thu Nov 30 18:11:09 2017 | PROCESS PID: 1150 --> CHILD2 i-th read:  Success
Thu Nov 30 18:11:09 2017 | PROCESS PID: 1149 --> CHILD1 close second pipe write-side:  Success
Thu Nov 30 18:11:09 2017 | PROCESS PID: 1150 --> CHILD2 i-th read:  Success
Thu Nov 30 18:11:09 2017 | PROCESS PID: 1150 --> CHILD2 i-th read:  Success
Thu Nov 30 18:11:09 2017 | PROCESS PID: 1150 --> CHILD2 i-th read:  Success
Thu Nov 30 18:11:09 2017 | PROCESS PID: 1150 --> CHILD2 i-th read:  Success
Thu Nov 30 18:11:09 2017 | PROCESS PID: 1150 --> CHILD2 i-th read:  Success
Thu Nov 30 18:11:09 2017 | PROCESS PID: 1150 --> CHILD2 i-th read:  Success
Thu Nov 30 18:11:09 2017 | PROCESS PID: 1150 --> CHILD2 i-th read:  Success
Thu Nov 30 18:11:09 2017 | PROCESS PID: 1150 --> CHILD2 i-th read:  Success
Thu Nov 30 18:11:09 2017 | PROCESS PID: 1150 --> CHILD2 close first pipe read-side:  Success
Thu Nov 30 18:11:09 2017 | PROCESS PID: 1150 --> CHILD2 close second pipe read-side:  Success
Thu Nov 30 18:11:09 2017 | PROCESS PID: 1150 --> CHILD2 write into second pipe:  Success
Thu Nov 30 18:11:09 2017 | PROCESS PID: 1150 --> CHILD2 close second pipe write-side:  Success
Thu Nov 30 18:11:09 2017 | PROCESS PID: 1149 --> CHILD1 i-th read:  Success
Thu Nov 30 18:11:09 2017 | PROCESS PID: 1149 --> CHILD1 i-th read:  Success
Thu Nov 30 18:11:09 2017 | PROCESS PID: 1149 --> CHILD1 i-th read:  Success
Thu Nov 30 18:11:09 2017 | PROCESS PID: 1149 --> CHILD1 i-th read:  Success
Thu Nov 30 18:11:09 2017 | PROCESS PID: 1149 --> CHILD1 i-th read:  Success
Thu Nov 30 18:11:09 2017 | PROCESS PID: 1149 --> CHILD1 i-th read:  Success
Thu Nov 30 18:11:09 2017 | PROCESS PID: 1149 --> CHILD1 i-th read:  Success
Thu Nov 30 18:11:09 2017 | PROCESS PID: 1149 --> CHILD1 i-th read:  Success
Thu Nov 30 18:11:09 2017 | PROCESS PID: 1149 --> CHILD1 i-th read:  Success
Thu Nov 30 18:11:09 2017 | PROCESS PID: 1148 --> FATHER first wait:  Success
Thu Nov 30 18:11:09 2017 | PROCESS PID: 1149 --> CHILD1 i-th read:  Success
Thu Nov 30 18:11:09 2017 | PROCESS PID: 1149 --> CHILD1 close second pipe read-side:  Success
Thu Nov 30 18:11:09 2017 | PROCESS PID: 1148 --> FATHER second wait:  Success
