Thu Nov 30 16:25:50 2017 | PROCESS PID: 28473 --> FATHER pipe:  Success
Thu Nov 30 16:25:50 2017 | PROCESS PID: 28473 --> FATHER first fork:  Success
Thu Nov 30 16:25:50 2017 | PROCESS PID: 28473 --> FATHER second fork:  Success
Thu Nov 30 16:25:50 2017 | PROCESS PID: 28475 --> CHILD2 close pipe write-side:  Success
Thu Nov 30 16:25:51 2017 | PROCESS PID: 28474 --> CHILD1 i-th scanf:  Success
Thu Nov 30 16:25:52 2017 | PROCESS PID: 28474 --> CHILD1 i-th scanf:  Success
Thu Nov 30 16:25:52 2017 | PROCESS PID: 28474 --> CHILD1 i-th scanf:  Success
Thu Nov 30 16:25:53 2017 | PROCESS PID: 28474 --> CHILD1 i-th scanf:  Success
Thu Nov 30 16:25:53 2017 | PROCESS PID: 28474 --> CHILD1 i-th scanf:  Success
Thu Nov 30 16:25:53 2017 | PROCESS PID: 28474 --> CHILD1 i-th scanf:  Success
Thu Nov 30 16:25:54 2017 | PROCESS PID: 28474 --> CHILD1 i-th scanf:  Success
Thu Nov 30 16:25:54 2017 | PROCESS PID: 28474 --> CHILD1 i-th scanf:  Success
Thu Nov 30 16:25:54 2017 | PROCESS PID: 28474 --> CHILD1 i-th scanf:  Success
Thu Nov 30 16:25:55 2017 | PROCESS PID: 28474 --> CHILD1 i-th scanf:  Success
Thu Nov 30 16:25:55 2017 | PROCESS PID: 28474 --> CHILD1 close pipe read-side:  Success
Thu Nov 30 16:25:55 2017 | PROCESS PID: 28474 --> CHILD1 write into pipe:  Success
Thu Nov 30 16:25:55 2017 | PROCESS PID: 28475 --> CHILD2 i-th read:  Success
Thu Nov 30 16:25:55 2017 | PROCESS PID: 28474 --> CHILD1 close pipe write-side:  Success
Thu Nov 30 16:25:55 2017 | PROCESS PID: 28475 --> CHILD2 i-th read:  Success
Thu Nov 30 16:25:55 2017 | PROCESS PID: 28475 --> CHILD2 i-th read:  Success
Thu Nov 30 16:25:55 2017 | PROCESS PID: 28475 --> CHILD2 i-th read:  Success
Thu Nov 30 16:25:55 2017 | PROCESS PID: 28475 --> CHILD2 i-th read:  Success
Thu Nov 30 16:25:55 2017 | PROCESS PID: 28475 --> CHILD2 i-th read:  Success
Thu Nov 30 16:25:55 2017 | PROCESS PID: 28475 --> CHILD2 i-th read:  Success
Thu Nov 30 16:25:55 2017 | PROCESS PID: 28475 --> CHILD2 i-th read:  Success
Thu Nov 30 16:25:55 2017 | PROCESS PID: 28475 --> CHILD2 i-th read:  Success
Thu Nov 30 16:25:55 2017 | PROCESS PID: 28475 --> CHILD2 i-th read:  Success
Thu Nov 30 16:25:55 2017 | PROCESS PID: 28475 --> CHILD2 close pipe read-side:  Success
Thu Nov 30 16:25:55 2017 | PROCESS PID: 28473 --> FATHER first wait:  Success
Thu Nov 30 16:25:55 2017 | PROCESS PID: 28473 --> FATHER second wait:  Success
